 1  0.016900  1  1.000000  1
 51  0.032455  6  5.000000  1
 101  0.034314  7  6.000000  1
 151  0.035643  8  6.000000  1
 201  0.037935  8  7.000000  1
 251  0.038365  8  7.000000  1
 301  0.038964  9  7.000000  1
 351  0.040312  9  7.000000  1
 401  0.041360  9  8.000000  1
 451  0.041695  9  8.000000  1
 501  0.041908  9  8.000000  1
 551  0.042316  10  8.000000  1
 601  0.042742  10  8.000000  1
 651  0.043475  10  8.000000  1
 701  0.043817  10  8.000000  1
 751  0.043907  10  8.000000  1
 801  0.043962  10  9.000000  1
 851  0.045043  10  9.000000  1
 901  0.045225  10  9.000000  1
 951  0.045415  10  9.000000  1
