 1  0.000013  1  1.000000  1
 51  0.000001  51  5.000000  1
 101  0.000000  101  7.000000  1
 151  0.000000  151  10.000000  1
 201  0.000001  198  12.000000  1
 251  0.000001  251  14.000000  1
 301  0.000001  300  20.000000  1
 351  0.000001  348  22.000000  1
 401  0.000001  400  23.000000  1
 451  0.000001  450  21.000000  1
 501  0.000001  501  28.000000  1
 551  0.000001  551  30.000000  1
 601  0.000001  598  41.000000  1
 651  0.000001  643  36.000000  1
 701  0.000001  698  37.000000  1
 751  0.000001  751  52.000000  1
 801  0.000001  801  47.000000  1
 851  0.000001  851  41.000000  1
 901  0.000001  900  52.000000  1
 951  0.000001  951  53.000000  1
